Build started 10/15/2018 2:49:44 PM.
     1>Project "C:\Users\Gracefully Broken\Documents\Visual Studio 2010\Projects\BaiTapVeNha1\BaiTapVeNha1\BaiTapVeNha1.vcxproj" on node 2 (build target(s)).
     1>InitializeBuildStatus:
         Creating "Debug\BaiTapVeNha1.unsuccessfulbuild" because "AlwaysCreate" was specified.
       ClCompile:
         C:\Program Files (x86)\Microsoft Visual Studio 10.0\VC\bin\CL.exe /c /ZI /nologo /W3 /WX- /Od /Oy- /D _MBCS /Gm /EHsc /RTC1 /MDd /GS /fp:precise /Zc:wchar_t /Zc:forScope /Fo"Debug\\" /Fd"Debug\vc100.pdb" /Gd /TP /analyze- /errorReport:prompt Book.cpp
         Book.cpp
       Link:
         C:\Program Files (x86)\Microsoft Visual Studio 10.0\VC\bin\link.exe /ERRORREPORT:PROMPT /OUT:"C:\Users\Gracefully Broken\Documents\Visual Studio 2010\Projects\BaiTapVeNha1\Debug\BaiTapVeNha1.exe" /NOLOGO kernel32.lib user32.lib gdi32.lib winspool.lib comdlg32.lib advapi32.lib shell32.lib ole32.lib oleaut32.lib uuid.lib odbc32.lib odbccp32.lib /MANIFEST /ManifestFile:"Debug\BaiTapVeNha1.exe.intermediate.manifest" /MANIFESTUAC:"level='asInvoker' uiAccess='false'" /DEBUG /PDB:"C:\Users\Gracefully Broken\Documents\Visual Studio 2010\Projects\BaiTapVeNha1\Debug\BaiTapVeNha1.pdb" /TLBID:1 /DYNAMICBASE /NXCOMPAT /IMPLIB:"C:\Users\Gracefully Broken\Documents\Visual Studio 2010\Projects\BaiTapVeNha1\Debug\BaiTapVeNha1.lib" /MACHINE:X86 Debug\Book.obj
         Debug\index.obj
         Debug\List.obj
         LINK : C:\Users\Gracefully Broken\Documents\Visual Studio 2010\Projects\BaiTapVeNha1\Debug\BaiTapVeNha1.exe not found or not built by the last incremental link; performing full link
         BaiTapVeNha1.vcxproj -> C:\Users\Gracefully Broken\Documents\Visual Studio 2010\Projects\BaiTapVeNha1\Debug\BaiTapVeNha1.exe
       Manifest:
         C:\Program Files (x86)\Microsoft SDKs\Windows\v7.0A\bin\mt.exe /nologo /verbose /outputresource:"C:\Users\Gracefully Broken\Documents\Visual Studio 2010\Projects\BaiTapVeNha1\Debug\BaiTapVeNha1.exe;#1" /manifest Debug\BaiTapVeNha1.exe.intermediate.manifest
       FinalizeBuildStatus:
         Deleting file "Debug\BaiTapVeNha1.unsuccessfulbuild".
         Touching "Debug\BaiTapVeNha1.lastbuildstate".
     1>Done Building Project "C:\Users\Gracefully Broken\Documents\Visual Studio 2010\Projects\BaiTapVeNha1\BaiTapVeNha1\BaiTapVeNha1.vcxproj" (build target(s)).

Build succeeded.

Time Elapsed 00:00:00.95
