C:\USERS\GRACEFULLY BROKEN\DOCUMENTS\VISUAL STUDIO 2010\PROJECTS\BAITAPVENHA1\BAITAPVENHA1\DEBUG\BAITAPVENHA1.EXE.INTERMEDIATE.MANIFEST
C:\Users\Gracefully Broken\Documents\Visual Studio 2010\Projects\BaiTapVeNha1\BaiTapVeNha1\Debug\BaiTapVeNha1.vcxprojResolveAssemblyReference.cache
C:\Users\Gracefully Broken\Documents\Visual Studio 2010\Projects\BaiTapVeNha1\BaiTapVeNha1\Debug\BaiTapVeNha1.write.1.tlog
C:\USERS\GRACEFULLY BROKEN\DOCUMENTS\VISUAL STUDIO 2010\PROJECTS\BAITAPVENHA1\BAITAPVENHA1\DEBUG\BOOK.OBJ
C:\Users\Gracefully Broken\Documents\Visual Studio 2010\Projects\BaiTapVeNha1\BaiTapVeNha1\Debug\cl.command.1.tlog
C:\Users\Gracefully Broken\Documents\Visual Studio 2010\Projects\BaiTapVeNha1\BaiTapVeNha1\Debug\CL.read.1.tlog
C:\Users\Gracefully Broken\Documents\Visual Studio 2010\Projects\BaiTapVeNha1\BaiTapVeNha1\Debug\CL.write.1.tlog
C:\USERS\GRACEFULLY BROKEN\DOCUMENTS\VISUAL STUDIO 2010\PROJECTS\BAITAPVENHA1\BAITAPVENHA1\DEBUG\INDEX.OBJ
C:\Users\Gracefully Broken\Documents\Visual Studio 2010\Projects\BaiTapVeNha1\BaiTapVeNha1\Debug\link.command.1.tlog
C:\Users\Gracefully Broken\Documents\Visual Studio 2010\Projects\BaiTapVeNha1\BaiTapVeNha1\Debug\link.read.1.tlog
C:\Users\Gracefully Broken\Documents\Visual Studio 2010\Projects\BaiTapVeNha1\BaiTapVeNha1\Debug\link.write.1.tlog
C:\USERS\GRACEFULLY BROKEN\DOCUMENTS\VISUAL STUDIO 2010\PROJECTS\BAITAPVENHA1\BAITAPVENHA1\DEBUG\LIST.OBJ
C:\Users\Gracefully Broken\Documents\Visual Studio 2010\Projects\BaiTapVeNha1\BaiTapVeNha1\Debug\mt.command.1.tlog
C:\Users\Gracefully Broken\Documents\Visual Studio 2010\Projects\BaiTapVeNha1\BaiTapVeNha1\Debug\mt.read.1.tlog
C:\Users\Gracefully Broken\Documents\Visual Studio 2010\Projects\BaiTapVeNha1\BaiTapVeNha1\Debug\mt.write.1.tlog
C:\Users\Gracefully Broken\Documents\Visual Studio 2010\Projects\BaiTapVeNha1\BaiTapVeNha1\Debug\vc100.idb
C:\USERS\GRACEFULLY BROKEN\DOCUMENTS\VISUAL STUDIO 2010\PROJECTS\BAITAPVENHA1\BAITAPVENHA1\DEBUG\VC100.PDB
C:\USERS\GRACEFULLY BROKEN\DOCUMENTS\VISUAL STUDIO 2010\PROJECTS\BAITAPVENHA1\DEBUG\BAITAPVENHA1.EXE
C:\USERS\GRACEFULLY BROKEN\DOCUMENTS\VISUAL STUDIO 2010\PROJECTS\BAITAPVENHA1\DEBUG\BAITAPVENHA1.ILK
C:\USERS\GRACEFULLY BROKEN\DOCUMENTS\VISUAL STUDIO 2010\PROJECTS\BAITAPVENHA1\DEBUG\BAITAPVENHA1.PDB
